<?xml version="1.0" encoding="UTF-8"?>
<!-- Generated by org.testng.reporters.JUnitReportReporter -->
<testsuite hostname="muratguven2" failures="0" tests="2" name="test.Scenerious" time="64.040" errors="0" timestamp="2021-12-20T16:13:24 TRT" skipped="0">
  <testcase classname="test.Scenerious" name="test1" time="31.491"/>
  <system-out/>
  <testcase classname="test.Scenerious" name="test2" time="32.549"/>
  <system-out/>
</testsuite> <!-- test.Scenerious -->
